  main.cpp
C:\eigen3\Eigen\src\Core\arch\Default\Half.h(1,1): warning C4819: 该文件包含不能在当前代码页(936)中表示的字符。请将该文件保存为 Unicode 格式以防止数据丢失
C:\eigen3\Eigen\src\Core\arch\Default\BFloat16.h(1,1): warning C4819: 该文件包含不能在当前代码页(936)中表示的字符。请将该文件保存为 Unicode 格式以防止数据丢失
C:\eigen3\Eigen\src\Core\arch\Default\GenericPacketMathFunctions.h(676,1): warning C4819: 该文件包含不能在当前代码页(936)中表示的字符。请将该文件保存为 Unicode 格式以防止数据丢失
C:\Users\cherish\AppData\Local\Temp\Rar$DRa12872.49001\代码框架\main.cpp(29,47): warning C4244: “=”: 从“double”转换到“float”，可能丢失数据
C:\Users\cherish\AppData\Local\Temp\Rar$DRa12872.49001\代码框架\main.cpp(30,14): warning C4244: “初始化”: 从“double”转换到“float”，可能丢失数据
C:\Users\cherish\AppData\Local\Temp\Rar$DRa12872.49001\代码框架\main.cpp(60,21): warning C4244: “初始化”: 从“double”转换到“float”，可能丢失数据
C:\Users\cherish\AppData\Local\Temp\Rar$DRa12872.49001\代码框架\main.cpp(126,62): warning C4305: “参数”: 从“double”到“float”截断
C:\Users\cherish\AppData\Local\Temp\Rar$DRa12872.49001\代码框架\main.cpp(142,62): warning C4305: “参数”: 从“double”到“float”截断
  rasterizer.cpp
C:\eigen3\Eigen\src\Core\arch\Default\Half.h(1,1): warning C4819: 该文件包含不能在当前代码页(936)中表示的字符。请将该文件保存为 Unicode 格式以防止数据丢失
C:\eigen3\Eigen\src\Core\arch\Default\BFloat16.h(1,1): warning C4819: 该文件包含不能在当前代码页(936)中表示的字符。请将该文件保存为 Unicode 格式以防止数据丢失
C:\eigen3\Eigen\src\Core\arch\Default\GenericPacketMathFunctions.h(676,1): warning C4819: 该文件包含不能在当前代码页(936)中表示的字符。请将该文件保存为 Unicode 格式以防止数据丢失
C:\Users\cherish\AppData\Local\Temp\Rar$DRa12872.49001\代码框架\rasterizer.cpp(41,10): warning C4244: “=”: 从“float”转换到“int”，可能丢失数据
C:\Users\cherish\AppData\Local\Temp\Rar$DRa12872.49001\代码框架\rasterizer.cpp(42,10): warning C4244: “=”: 从“float”转换到“int”，可能丢失数据
C:\Users\cherish\AppData\Local\Temp\Rar$DRa12872.49001\代码框架\rasterizer.cpp(43,13): warning C4244: “=”: 从“double”转换到“int”，可能丢失数据
C:\Users\cherish\AppData\Local\Temp\Rar$DRa12872.49001\代码框架\rasterizer.cpp(44,13): warning C4244: “=”: 从“double”转换到“int”，可能丢失数据
C:\Users\cherish\AppData\Local\Temp\Rar$DRa12872.49001\代码框架\rasterizer.cpp(52,15): warning C4244: “=”: 从“float”转换到“int”，可能丢失数据
C:\Users\cherish\AppData\Local\Temp\Rar$DRa12872.49001\代码框架\rasterizer.cpp(53,15): warning C4244: “=”: 从“float”转换到“int”，可能丢失数据
C:\Users\cherish\AppData\Local\Temp\Rar$DRa12872.49001\代码框架\rasterizer.cpp(54,16): warning C4244: “=”: 从“float”转换到“int”，可能丢失数据
C:\Users\cherish\AppData\Local\Temp\Rar$DRa12872.49001\代码框架\rasterizer.cpp(58,15): warning C4244: “=”: 从“float”转换到“int”，可能丢失数据
C:\Users\cherish\AppData\Local\Temp\Rar$DRa12872.49001\代码框架\rasterizer.cpp(59,15): warning C4244: “=”: 从“float”转换到“int”，可能丢失数据
C:\Users\cherish\AppData\Local\Temp\Rar$DRa12872.49001\代码框架\rasterizer.cpp(60,16): warning C4244: “=”: 从“float”转换到“int”，可能丢失数据
C:\Users\cherish\AppData\Local\Temp\Rar$DRa12872.49001\代码框架\rasterizer.cpp(62,52): warning C4244: “参数”: 从“int”转换到“const float”，可能丢失数据
C:\Users\cherish\AppData\Local\Temp\Rar$DRa12872.49001\代码框架\rasterizer.cpp(62,49): warning C4244: “参数”: 从“int”转换到“const float”，可能丢失数据
C:\Users\cherish\AppData\Local\Temp\Rar$DRa12872.49001\代码框架\rasterizer.cpp(84,56): warning C4244: “参数”: 从“int”转换到“const float”，可能丢失数据
C:\Users\cherish\AppData\Local\Temp\Rar$DRa12872.49001\代码框架\rasterizer.cpp(84,53): warning C4244: “参数”: 从“int”转换到“const float”，可能丢失数据
C:\Users\cherish\AppData\Local\Temp\Rar$DRa12872.49001\代码框架\rasterizer.cpp(92,15): warning C4244: “=”: 从“float”转换到“int”，可能丢失数据
C:\Users\cherish\AppData\Local\Temp\Rar$DRa12872.49001\代码框架\rasterizer.cpp(93,15): warning C4244: “=”: 从“float”转换到“int”，可能丢失数据
C:\Users\cherish\AppData\Local\Temp\Rar$DRa12872.49001\代码框架\rasterizer.cpp(94,16): warning C4244: “=”: 从“float”转换到“int”，可能丢失数据
C:\Users\cherish\AppData\Local\Temp\Rar$DRa12872.49001\代码框架\rasterizer.cpp(98,15): warning C4244: “=”: 从“float”转换到“int”，可能丢失数据
C:\Users\cherish\AppData\Local\Temp\Rar$DRa12872.49001\代码框架\rasterizer.cpp(99,15): warning C4244: “=”: 从“float”转换到“int”，可能丢失数据
C:\Users\cherish\AppData\Local\Temp\Rar$DRa12872.49001\代码框架\rasterizer.cpp(100,16): warning C4244: “=”: 从“float”转换到“int”，可能丢失数据
C:\Users\cherish\AppData\Local\Temp\Rar$DRa12872.49001\代码框架\rasterizer.cpp(102,52): warning C4244: “参数”: 从“int”转换到“const float”，可能丢失数据
C:\Users\cherish\AppData\Local\Temp\Rar$DRa12872.49001\代码框架\rasterizer.cpp(102,49): warning C4244: “参数”: 从“int”转换到“const float”，可能丢失数据
C:\Users\cherish\AppData\Local\Temp\Rar$DRa12872.49001\代码框架\rasterizer.cpp(124,56): warning C4244: “参数”: 从“int”转换到“const float”，可能丢失数据
C:\Users\cherish\AppData\Local\Temp\Rar$DRa12872.49001\代码框架\rasterizer.cpp(124,53): warning C4244: “参数”: 从“int”转换到“const float”，可能丢失数据
C:\Users\cherish\AppData\Local\Temp\Rar$DRa12872.49001\代码框架\rasterizer.cpp(144,33): warning C4305: “初始化”: 从“double”到“float”截断
C:\Users\cherish\AppData\Local\Temp\Rar$DRa12872.49001\代码框架\rasterizer.cpp(145,33): warning C4305: “初始化”: 从“double”到“float”截断
C:\Users\cherish\AppData\Local\Temp\Rar$DRa12872.49001\代码框架\rasterizer.cpp(164,33): warning C4244: “=”: 从“double”转换到“float”，可能丢失数据
C:\Users\cherish\AppData\Local\Temp\Rar$DRa12872.49001\代码框架\rasterizer.cpp(165,34): warning C4244: “=”: 从“double”转换到“float”，可能丢失数据
C:\Users\cherish\AppData\Local\Temp\Rar$DRa12872.49001\代码框架\rasterizer.cpp(235,15): warning C4244: “参数”: 从“float”转换到“const unsigned __int64”，可能丢失数据
  Triangle.cpp
C:\eigen3\Eigen\src\Core\arch\Default\Half.h(1,1): warning C4819: 该文件包含不能在当前代码页(936)中表示的字符。请将该文件保存为 Unicode 格式以防止数据丢失
C:\eigen3\Eigen\src\Core\arch\Default\BFloat16.h(1,1): warning C4819: 该文件包含不能在当前代码页(936)中表示的字符。请将该文件保存为 Unicode 格式以防止数据丢失
C:\eigen3\Eigen\src\Core\arch\Default\GenericPacketMathFunctions.h(676,1): warning C4819: 该文件包含不能在当前代码页(936)中表示的字符。请将该文件保存为 Unicode 格式以防止数据丢失
C:\Users\cherish\AppData\Local\Temp\Rar$DRa12872.49001\代码框架\Triangle.cpp(36,70): warning C4244: “参数”: 从“double”转换到“const float”，可能丢失数据
C:\Users\cherish\AppData\Local\Temp\Rar$DRa12872.49001\代码框架\Triangle.cpp(36,53): warning C4244: “参数”: 从“double”转换到“const float”，可能丢失数据
C:\Users\cherish\AppData\Local\Temp\Rar$DRa12872.49001\代码框架\Triangle.cpp(36,36): warning C4244: “参数”: 从“double”转换到“const float”，可能丢失数据
  正在生成代码...
  games101_1.vcxproj -> C:\Users\cherish\source\repos\games101_1\x64\Debug\games101_1.exe
